<?xml version="1.0" encoding="UTF-8"?>
<!-- Generated by org.testng.reporters.JUnitReportReporter -->
<testsuite hostname="ztp" name="zmartonos.zlib.AppTest" tests="1" failures="0" timestamp="1 Jul 2013 20:30:45 GMT" time="0.003" errors="0">
  <testcase name="testApp" time="0.003" classname="zmartonos.zlib.AppTest"/>
</testsuite> <!-- zmartonos.zlib.AppTest -->
